SF:lib/awesome_notifications_empty.dart
DA:10,1
DA:13,1
DA:16,1
DA:19,1
DA:22,1
DA:25,1
DA:28,1
DA:31,1
DA:34,1
DA:47,1
DA:57,1
DA:63,1
DA:68,1
DA:71,1
DA:74,1
DA:77,1
DA:80,1
DA:85,1
DA:90,1
DA:96,1
DA:101,1
DA:106,1
DA:112,1
DA:114,1
DA:117,1
DA:122,1
DA:133,1
DA:138,1
DA:140,1
DA:143,1
DA:148,1
DA:161,1
DA:164,1
DA:168,1
DA:171,1
DA:180,1
DA:190,1
DA:193,1
DA:196,1
DA:199,1
DA:202,1
DA:207,1
DA:212,1
DA:217,1
DA:219,1
DA:222,1
LF:46
LH:46
end_of_record
SF:lib/awesome_notifications_method_channel.dart
DA:26,1
DA:28,1
DA:29,2
DA:32,1
DA:34,2
DA:37,1
DA:39,2
DA:42,1
DA:44,2
DA:48,1
DA:50,2
DA:54,1
DA:56,1
DA:57,2
DA:60,1
DA:62,2
DA:66,1
DA:68,2
DA:72,1
DA:82,1
DA:84,2
DA:85,1
DA:90,1
DA:93,1
DA:100,2
DA:102,2
DA:104,1
DA:109,1
DA:114,1
DA:118,2
DA:119,1
DA:120,2
DA:123,2
DA:124,1
DA:125,2
DA:128,2
DA:129,1
DA:130,2
DA:133,2
DA:134,1
DA:135,2
DA:140,2
DA:142,1
DA:145,1
DA:146,1
DA:147,1
DA:148,1
DA:154,1
DA:157,2
DA:161,1
DA:163,1
DA:164,2
DA:167,1
DA:169,2
DA:172,1
DA:174,2
DA:178,1
DA:180,2
DA:184,1
DA:187,2
DA:189,4
DA:192,1
DA:194,2
DA:202,1
DA:205,2
DA:209,1
DA:210,2
DA:214,1
DA:217,2
DA:221,1
DA:223,1
DA:224,1
DA:228,1
DA:231,0
DA:232,1
DA:234,1
DA:235,1
DA:238,2
DA:243,1
DA:246,1
DA:248,1
DA:249,1
DA:253,1
DA:256,2
DA:260,1
DA:268,1
DA:270,3
DA:272,1
DA:273,2
DA:274,2
DA:277,1
DA:279,2
DA:280,2
DA:288,1
DA:290,3
DA:297,1
DA:299,3
DA:304,1
DA:308,1
DA:311,1
DA:312,1
DA:314,1
DA:315,1
DA:320,1
DA:322,1
DA:323,1
DA:327,1
DA:329,1
DA:331,2
DA:333,2
DA:334,1
DA:336,3
DA:339,1
DA:346,1
DA:348,2
DA:353,1
DA:363,1
DA:364,2
DA:366,1
DA:367,1
DA:370,2
DA:371,1
DA:376,1
DA:379,1
DA:381,2
DA:384,1
DA:387,1
DA:388,2
DA:390,2
DA:394,1
DA:396,2
DA:399,1
DA:405,3
DA:406,2
DA:409,1
DA:410,1
DA:411,1
DA:412,1
DA:416,1
DA:421,1
DA:425,1
DA:429,1
DA:433,3
DA:434,1
DA:435,1
DA:436,1
DA:437,1
DA:441,2
DA:449,1
DA:459,1
DA:461,2
DA:462,1
DA:467,1
DA:470,1
DA:472,2
DA:475,1
DA:477,2
DA:480,1
DA:482,2
DA:486,1
DA:488,2
DA:491,1
DA:493,2
DA:498,1
DA:500,2
DA:505,1
DA:507,1
DA:508,1
DA:509,1
DA:515,1
DA:518,2
DA:520,1
DA:521,1
DA:522,2
DA:523,3
DA:526,1
DA:527,2
DA:528,3
DA:531,1
DA:532,2
DA:533,3
DA:536,1
DA:537,2
DA:538,3
DA:541,1
DA:542,3
DA:543,3
DA:545,2
DA:550,1
DA:554,1
DA:556,3
DA:557,1
DA:562,1
DA:564,1
DA:565,2
DA:567,1
DA:568,1
DA:573,1
DA:575,1
DA:576,2
DA:578,1
DA:579,1
DA:580,1
DA:585,1
LF:204
LH:203
end_of_record
SF:lib/awesome_notifications_platform_interface.dart
DA:13,12
DA:15,12
DA:20,1
DA:25,2
DA:27,1
DA:28,1
DA:29,1
DA:30,1
DA:33,1
DA:40,1
DA:48,1
DA:49,2
LF:12
LH:12
end_of_record
SF:lib/awesome_notifications.dart
DA:67,4
DA:68,2
DA:69,2
DA:70,2
DA:71,2
DA:74,1
DA:76,13
DA:78,1
DA:80,2
DA:83,1
DA:85,2
DA:88,1
DA:90,2
DA:93,1
DA:95,1
DA:96,1
DA:99,1
DA:101,1
DA:102,1
DA:105,1
DA:107,2
DA:110,1
DA:112,1
DA:113,1
DA:116,1
DA:118,1
DA:119,1
DA:122,1
DA:132,1
DA:133,1
DA:136,1
DA:143,2
DA:150,1
DA:152,1
DA:153,1
DA:156,1
DA:158,2
DA:161,1
DA:163,2
DA:166,1
DA:168,2
DA:171,1
DA:173,1
DA:174,1
DA:177,1
DA:179,1
DA:180,1
DA:183,1
DA:185,2
DA:188,1
DA:190,2
DA:193,1
DA:195,2
DA:198,1
DA:201,2
DA:206,1
DA:208,2
DA:211,1
DA:213,2
DA:216,1
DA:219,1
DA:220,1
DA:223,1
DA:225,2
DA:228,1
DA:230,2
DA:233,1
DA:241,2
DA:246,1
DA:248,2
DA:251,1
DA:253,2
DA:256,1
DA:258,2
DA:261,1
DA:271,1
DA:272,1
DA:278,1
DA:280,2
DA:283,1
DA:286,1
DA:287,1
DA:290,1
DA:292,2
DA:295,1
DA:301,2
DA:309,1
DA:319,2
DA:325,1
DA:327,2
DA:330,1
DA:332,2
DA:335,1
DA:337,1
DA:338,1
DA:341,1
DA:343,2
DA:346,1
DA:348,1
DA:349,1
DA:352,1
DA:354,1
DA:355,1
DA:358,1
DA:360,1
DA:361,1
LF:106
LH:106
end_of_record
SF:lib/src/models/notification_localization.dart
DA:44,3
DA:60,3
DA:62,3
DA:64,3
DA:65,3
DA:66,6
DA:67,3
DA:68,3
DA:69,6
DA:71,6
DA:74,9
DA:75,1
DA:77,2
DA:78,5
DA:89,2
DA:90,2
DA:91,8
DA:92,8
DA:93,5
DA:94,3
DA:95,2
DA:96,5
DA:97,3
DA:98,2
DA:101,3
LF:25
LH:25
end_of_record
SF:lib/src/enumerators/notification_life_cycle.dart
DA:7,1
LF:1
LH:1
end_of_record
SF:lib/src/models/notification_button.dart
DA:29,1
DA:30,1
DA:33,2
DA:34,2
DA:37,1
DA:38,1
DA:41,1
DA:42,1
DA:45,1
DA:46,1
DA:49,1
DA:50,1
DA:53,1
DA:54,1
DA:57,1
DA:58,1
DA:61,1
DA:62,1
DA:65,1
DA:66,1
DA:69,4
DA:91,4
DA:94,3
DA:96,3
DA:97,6
DA:98,6
DA:99,6
DA:101,3
DA:102,3
DA:103,6
DA:105,6
DA:107,6
DA:109,6
DA:111,6
DA:114,3
DA:115,3
DA:120,3
DA:122,3
DA:124,1
DA:125,1
DA:126,1
DA:129,3
DA:130,1
DA:131,2
DA:135,3
DA:138,4
DA:141,8
DA:142,1
DA:144,1
DA:145,1
DA:149,3
DA:151,3
DA:153,3
DA:154,3
DA:155,3
DA:156,3
DA:157,3
DA:158,3
DA:159,3
DA:160,3
DA:161,3
DA:162,6
DA:163,6
DA:167,3
DA:169,6
DA:172,6
DA:178,6
DA:179,4
LF:68
LH:68
end_of_record
SF:lib/src/models/notification_channel.dart
DA:57,4
DA:82,4
DA:83,8
DA:84,4
DA:85,8
DA:86,4
DA:87,8
DA:88,4
DA:89,8
DA:90,4
DA:92,8
DA:93,4
DA:95,8
DA:96,4
DA:97,8
DA:98,4
DA:99,8
DA:100,4
DA:101,8
DA:102,4
DA:103,8
DA:104,4
DA:105,8
DA:106,4
DA:107,8
DA:108,4
DA:109,8
DA:110,4
DA:111,8
DA:112,4
DA:113,8
DA:114,4
DA:115,8
DA:116,4
DA:117,8
DA:118,4
DA:119,4
DA:120,4
DA:121,4
DA:122,12
DA:123,8
DA:124,4
DA:125,4
DA:126,8
DA:127,8
DA:128,4
DA:129,8
DA:130,4
DA:131,4
DA:132,4
DA:133,4
DA:136,12
DA:137,4
DA:140,2
DA:142,2
DA:143,2
DA:144,2
DA:145,2
DA:146,2
DA:147,2
DA:148,2
DA:149,2
DA:150,2
DA:151,2
DA:152,2
DA:153,2
DA:154,3
DA:155,4
DA:156,2
DA:157,2
DA:158,2
DA:159,4
DA:160,4
DA:161,4
DA:162,4
DA:163,4
DA:164,2
DA:165,2
DA:166,2
DA:170,1
DA:172,2
DA:174,2
DA:176,2
DA:178,2
DA:181,2
DA:184,1
DA:185,1
DA:186,2
DA:189,2
DA:191,2
DA:193,2
DA:196,2
DA:198,2
DA:200,2
DA:205,2
DA:207,2
DA:209,2
DA:212,2
DA:213,1
DA:214,1
DA:215,2
DA:218,2
DA:220,1
DA:221,1
DA:223,1
DA:224,1
DA:225,1
DA:226,1
DA:228,2
DA:234,1
DA:236,2
DA:240,2
DA:244,2
LF:113
LH:113
end_of_record
SF:lib/src/models/notification_channel_group.dart
DA:10,1
DA:11,1
DA:14,1
DA:15,1
DA:18,2
DA:20,2
DA:21,2
DA:24,1
DA:26,2
DA:28,2
DA:34,2
DA:36,2
DA:37,2
DA:38,2
DA:42,1
DA:44,2
DA:48,2
LF:17
LH:17
end_of_record
SF:lib/src/models/notification_content.dart
DA:24,1
DA:25,1
DA:28,1
DA:29,1
DA:32,1
DA:33,1
DA:36,1
DA:37,1
DA:40,1
DA:41,1
DA:44,1
DA:45,1
DA:48,1
DA:49,1
DA:52,1
DA:53,1
DA:56,6
DA:97,6
DA:123,3
DA:125,3
DA:126,6
DA:129,3
DA:130,3
DA:131,6
DA:132,3
DA:133,3
DA:134,3
DA:135,3
DA:137,6
DA:140,6
DA:143,6
DA:147,3
DA:155,3
DA:157,3
DA:160,6
DA:161,3
DA:162,3
DA:163,3
DA:164,3
DA:165,3
DA:166,6
DA:167,3
DA:168,3
DA:173,1
DA:175,3
LF:45
LH:45
end_of_record
SF:lib/src/models/notification_model.dart
DA:25,6
DA:28,6
DA:31,6
DA:34,2
DA:38,3
DA:49,2
DA:52,4
DA:53,4
DA:54,4
DA:55,4
DA:62,2
DA:63,6
DA:65,2
DA:66,6
DA:67,2
DA:69,2
DA:72,2
DA:73,4
DA:74,4
DA:76,2
DA:77,4
DA:79,2
DA:80,4
DA:81,2
DA:84,1
DA:85,1
DA:86,3
DA:89,3
DA:92,2
DA:94,4
DA:95,4
DA:97,2
DA:98,4
DA:100,2
DA:101,4
DA:102,2
DA:104,2
DA:110,2
DA:112,4
DA:115,4
DA:117,2
DA:120,6
DA:121,4
DA:122,6
DA:124,2
DA:126,4
DA:133,2
DA:134,2
DA:135,6
DA:136,8
DA:137,4
DA:138,4
DA:139,4
DA:140,2
DA:142,3
DA:143,2
DA:145,2
DA:146,4
DA:150,1
DA:154,1
LF:60
LH:60
end_of_record
SF:lib/src/models/notification_schedule.dart
DA:12,9
DA:35,5
DA:37,10
DA:39,4
DA:41,10
DA:45,10
DA:49,10
DA:53,10
DA:60,5
DA:62,5
DA:63,5
DA:64,5
DA:65,5
DA:66,5
DA:67,5
LF:15
LH:15
end_of_record
SF:lib/src/models/received_models/received_action.dart
DA:18,2
DA:21,2
DA:23,2
DA:25,4
DA:28,4
DA:33,4
DA:35,4
DA:38,4
DA:41,4
DA:48,2
DA:50,2
DA:52,4
DA:54,4
DA:56,4
DA:57,3
DA:58,3
DA:59,2
DA:60,2
LF:18
LH:18
end_of_record
SF:lib/src/models/received_models/received_notification.dart
DA:12,3
DA:14,3
DA:16,6
DA:19,6
DA:22,6
DA:25,6
DA:28,6
DA:37,3
DA:39,3
DA:41,6
DA:42,4
DA:43,4
DA:44,4
DA:46,6
DA:48,6
LF:15
LH:15
end_of_record
SF:lib/src/definitions.dart
DA:287,54
DA:288,18
LF:2
LH:2
end_of_record
SF:lib/src/enumerators/media_source.dart
DA:22,2
DA:26,1
LF:2
LH:2
end_of_record
SF:lib/src/exceptions/awesome_exception.dart
DA:3,391
DA:5,1
DA:7,2
LF:3
LH:3
end_of_record
SF:lib/src/exceptions/isolate_callback_exception.dart
DA:5,1
DA:7,1
DA:8,2
LF:3
LH:3
end_of_record
SF:lib/src/extensions/extension_navigator_state.dart
DA:4,1
DA:5,1
DA:6,1
DA:10,1
DA:12,2
DA:19,1
DA:21,2
DA:22,3
LF:8
LH:8
end_of_record
SF:lib/src/helpers/bitmap_helper.dart
DA:15,1
DA:17,1
DA:18,1
DA:20,1
DA:23,1
DA:26,1
DA:27,3
DA:34,5
DA:36,1
DA:37,1
DA:38,1
DA:39,1
DA:40,2
DA:44,1
DA:45,1
DA:46,1
DA:48,2
DA:49,1
DA:50,1
DA:53,1
DA:54,1
DA:55,1
DA:57,1
DA:58,1
DA:59,2
DA:60,3
DA:63,1
DA:64,1
DA:65,1
DA:66,2
DA:67,1
DA:69,1
DA:72,1
DA:73,4
DA:74,2
DA:75,1
DA:80,1
DA:81,3
DA:83,3
DA:84,1
DA:85,1
DA:86,2
DA:87,1
DA:88,1
DA:89,1
DA:90,2
DA:91,1
DA:92,1
DA:93,1
DA:94,2
DA:95,1
DA:96,1
DA:97,1
DA:98,1
DA:103,1
DA:104,2
DA:106,1
DA:113,3
LF:58
LH:58
end_of_record
SF:lib/src/helpers/cron_helper.dart
DA:16,2
DA:18,2
DA:21,3
DA:28,2
DA:29,4
DA:33,2
DA:34,4
DA:38,2
DA:39,4
DA:43,2
DA:44,6
DA:48,2
DA:49,4
DA:53,2
DA:54,4
DA:58,2
DA:59,2
DA:63,2
DA:64,6
DA:68,2
DA:69,6
LF:21
LH:21
end_of_record
SF:lib/src/models/notification_android_crontab.dart
DA:11,1
DA:12,1
DA:16,1
DA:17,1
DA:21,1
DA:22,1
DA:26,1
DA:27,1
DA:39,3
DA:48,3
DA:50,3
DA:53,3
DA:55,3
DA:57,3
DA:64,1
DA:68,1
DA:69,1
DA:70,1
DA:74,1
DA:75,3
DA:79,1
DA:81,1
DA:82,1
DA:83,1
DA:87,1
DA:88,2
DA:92,1
DA:94,1
DA:95,1
DA:96,1
DA:100,1
DA:101,2
DA:105,1
DA:107,1
DA:108,1
DA:109,1
DA:113,1
DA:114,2
DA:118,1
DA:120,1
DA:121,1
DA:122,1
DA:126,1
DA:127,2
DA:131,1
DA:133,1
DA:134,1
DA:135,1
DA:139,1
DA:140,2
DA:144,1
DA:146,1
DA:147,1
DA:148,1
DA:152,1
DA:153,3
DA:157,1
DA:159,1
DA:160,1
DA:161,1
DA:165,1
DA:166,2
DA:170,1
DA:172,1
DA:173,1
DA:174,1
DA:178,1
DA:179,2
DA:182,2
DA:184,2
DA:186,4
DA:188,4
DA:190,4
DA:193,4
DA:195,2
DA:196,2
DA:198,2
DA:199,1
DA:201,2
DA:205,2
DA:209,3
DA:211,3
DA:212,6
DA:213,3
DA:215,6
DA:217,6
DA:221,6
DA:222,1
DA:224,3
DA:225,1
DA:227,1
DA:230,1
DA:236,1
DA:238,3
DA:241,2
DA:243,2
LF:96
LH:96
end_of_record
SF:lib/src/models/notification_calendar.dart
DA:55,3
DA:71,3
DA:76,3
DA:77,1
DA:82,1
DA:87,1
DA:88,1
DA:89,1
DA:94,2
DA:95,2
DA:96,2
DA:97,2
DA:98,2
DA:99,2
DA:102,2
DA:104,4
DA:106,4
DA:108,4
DA:110,4
DA:112,4
DA:114,4
DA:116,4
DA:118,4
DA:120,4
DA:122,4
DA:125,2
DA:128,2
DA:136,2
DA:138,2
DA:139,4
DA:140,2
DA:141,2
DA:142,2
DA:143,2
DA:144,2
DA:145,2
DA:146,2
DA:147,2
DA:148,2
DA:149,2
DA:155,1
DA:157,3
DA:160,2
DA:162,2
DA:163,2
DA:164,2
DA:165,2
DA:166,2
DA:167,2
DA:168,2
DA:169,1
DA:170,1
DA:171,1
DA:176,2
DA:177,1
DA:180,4
DA:181,4
DA:182,4
DA:183,4
DA:184,4
DA:185,4
DA:186,4
DA:187,4
DA:188,4
DA:189,4
LF:65
LH:65
end_of_record
SF:lib/src/models/notification_interval.dart
DA:13,7
DA:19,7
DA:25,3
DA:27,3
DA:29,6
DA:33,3
DA:41,4
DA:43,4
DA:44,12
DA:47,2
DA:49,6
DA:52,3
DA:54,6
DA:59,5
LF:14
LH:14
end_of_record
SF:lib/src/models/received_models/push_notification.dart
DA:10,1
DA:14,1
LF:2
LH:2
end_of_record
SF:lib/src/utils/assert_utils.dart
DA:10,10
DA:11,10
DA:14,8
DA:16,8
DA:17,16
DA:18,4
DA:19,4
DA:23,1
DA:24,1
DA:26,1
DA:27,2
DA:28,3
DA:34,13
DA:35,13
DA:36,13
DA:37,3
DA:40,13
DA:41,2
DA:44,13
DA:45,2
DA:49,13
DA:51,13
DA:55,14
DA:56,14
DA:57,14
DA:59,14
DA:62,13
DA:64,4
DA:65,4
DA:66,2
DA:68,4
DA:69,4
DA:70,4
DA:77,12
DA:80,6
DA:81,6
DA:85,4
DA:88,6
DA:89,2
DA:90,4
DA:91,2
DA:92,4
DA:93,5
DA:99,6
DA:100,1
DA:103,6
DA:104,2
DA:105,2
DA:107,2
DA:109,2
DA:111,2
DA:119,13
DA:120,10
DA:121,10
DA:124,13
DA:125,1
DA:126,1
DA:129,13
DA:130,9
DA:131,9
DA:132,5
DA:133,8
DA:134,1
DA:137,8
DA:138,2
DA:141,8
DA:142,2
DA:147,13
DA:150,3
DA:151,2
DA:152,2
DA:154,13
DA:156,9
DA:157,7
DA:161,12
DA:166,6
DA:167,6
DA:169,6
DA:170,1
DA:173,1
DA:174,1
DA:180,9
DA:182,9
DA:183,9
DA:185,9
DA:187,9
DA:189,9
DA:195,9
DA:196,9
DA:199,9
DA:201,18
DA:202,27
DA:203,9
DA:208,18
DA:209,36
DA:210,18
DA:214,1
DA:216,1
DA:218,1
DA:219,1
DA:221,1
DA:222,2
DA:223,3
LF:103
LH:103
end_of_record
SF:lib/src/utils/bitmap_utils.dart
DA:9,10
DA:11,5
DA:14,15
DA:18,2
DA:20,4
DA:23,1
DA:25,1
DA:28,1
DA:30,1
LF:9
LH:9
end_of_record
SF:lib/src/utils/date_utils.dart
DA:4,1
DA:6,1
DA:9,1
DA:10,1
DA:13,3
DA:14,2
DA:17,5
DA:19,5
DA:22,5
DA:23,5
DA:26,15
DA:27,10
DA:30,7
DA:33,10
DA:36,1
DA:39,3
DA:40,1
DA:43,1
DA:46,3
DA:47,1
LF:20
LH:20
end_of_record
SF:lib/src/utils/map_utils.dart
DA:5,2
DA:10,6
DA:11,2
LF:3
LH:3
end_of_record
SF:lib/src/utils/resource_image_provider.dart
DA:25,3
DA:35,1
DA:37,1
DA:40,1
DA:43,1
DA:44,1
DA:45,1
DA:49,1
DA:52,2
DA:53,1
DA:54,2
DA:56,2
DA:60,1
DA:61,1
DA:63,1
DA:64,1
DA:67,1
DA:69,3
DA:70,1
DA:71,3
DA:72,3
DA:75,1
DA:76,4
DA:78,1
DA:80,4
LF:25
LH:25
end_of_record
SF:lib/src/utils/string_utils.dart
DA:2,30
DA:3,12
DA:6,20
DA:8,3
LF:4
LH:4
end_of_record
SF:lib/src/isolates/isolate_main.dart
DA:11,1
DA:13,1
DA:19,1
DA:22,2
DA:23,0
DA:24,0
DA:25,0
DA:28,0
DA:29,0
DA:33,0
DA:38,2
DA:43,1
DA:45,1
DA:46,1
DA:49,0
DA:52,0
DA:54,0
DA:55,0
DA:56,0
DA:61,0
DA:63,0
DA:64,0
DA:70,0
DA:71,0
DA:72,0
DA:73,0
DA:78,0
DA:80,0
DA:85,0
DA:89,0
DA:93,0
DA:94,0
DA:97,0
DA:99,0
DA:100,0
DA:101,0
LF:36
LH:8
end_of_record
SF:lib/src/logs/logger.dart
DA:5,6
DA:6,2
DA:7,4
DA:8,6
DA:11,1
DA:12,2
DA:13,2
DA:16,2
DA:17,2
DA:18,4
DA:21,1
DA:22,2
DA:25,2
DA:26,2
DA:27,4
LF:15
LH:15
end_of_record
SF:lib/src/models/base_notification_content.dart
DA:54,6
DA:57,4
DA:60,2
DA:63,6
DA:66,4
DA:69,2
DA:72,4
DA:75,2
DA:78,2
DA:81,2
DA:84,2
DA:87,2
DA:90,4
DA:93,4
DA:96,4
DA:99,4
DA:102,2
DA:105,2
DA:108,0
DA:111,2
DA:114,2
DA:117,2
DA:120,4
DA:123,4
DA:126,4
DA:129,6
DA:130,6
DA:133,1
DA:136,1
DA:139,1
DA:142,1
DA:145,4
DA:148,4
DA:151,6
DA:152,6
DA:155,4
DA:158,4
DA:161,6
DA:162,6
DA:165,4
DA:168,4
DA:171,6
DA:172,6
DA:175,4
DA:178,4
DA:181,6
DA:182,6
DA:185,4
DA:188,4
DA:191,1
DA:193,1
DA:195,1
DA:197,1
DA:199,9
DA:225,9
DA:226,9
DA:228,9
DA:230,9
DA:232,9
DA:234,9
DA:236,9
DA:238,9
DA:240,9
DA:242,9
DA:244,9
DA:246,9
DA:248,9
DA:250,9
DA:252,9
DA:254,9
DA:256,9
DA:258,9
DA:260,18
DA:261,9
DA:263,19
DA:264,9
DA:266,9
DA:268,9
DA:270,9
DA:272,9
DA:275,6
DA:277,6
DA:279,12
DA:280,12
DA:282,12
DA:284,12
DA:286,6
DA:287,6
DA:288,12
DA:289,6
DA:290,6
DA:291,6
DA:292,6
DA:293,12
DA:294,12
DA:296,12
DA:298,12
DA:300,12
DA:302,12
DA:304,12
DA:306,6
DA:307,6
DA:308,12
DA:310,12
DA:312,12
DA:314,12
DA:316,12
DA:318,12
DA:320,12
DA:322,12
DA:328,6
DA:330,6
DA:331,1
DA:333,1
DA:334,1
DA:336,12
DA:337,12
DA:339,1
DA:340,3
DA:346,6
DA:348,6
DA:349,6
DA:350,6
DA:351,6
DA:352,6
DA:353,6
DA:354,6
DA:355,6
DA:356,6
DA:357,6
DA:358,6
DA:359,6
DA:360,6
DA:361,6
DA:362,6
DA:363,7
DA:364,12
DA:365,12
DA:366,7
DA:367,6
DA:368,6
DA:369,6
DA:370,6
DA:371,6
DA:372,7
DA:373,7
DA:374,7
DA:375,6
DA:376,6
DA:377,6
DA:378,7
DA:382,1
DA:383,2
DA:384,3
DA:387,1
DA:388,2
DA:389,3
DA:392,1
DA:393,2
DA:394,3
DA:397,1
DA:398,2
DA:399,3
DA:402,3
DA:404,3
DA:406,4
DA:408,8
DA:412,8
LF:168
LH:167
end_of_record
SF:lib/src/utils/html_utils.dart
DA:2,2
DA:5,2
DA:7,2
LF:3
LH:3
end_of_record
SF:lib/src/models/model.dart
DA:4,19
DA:12,1
DA:13,2
LF:3
LH:3
end_of_record
SF:lib/src/utils/list_utils.dart
DA:2,4
DA:3,2
LF:2
LH:2
end_of_record
SF:lib/src/utils/media_abstract_utils.dart
DA:7,8
DA:9,16
DA:13,16
DA:17,16
DA:21,14
DA:28,4
DA:29,8
DA:30,6
DA:32,8
DA:33,8
DA:35,4
DA:36,4
DA:44,1
DA:46,3
DA:54,5
DA:55,5
DA:56,5
DA:57,5
DA:59,4
DA:60,2
DA:62,4
DA:63,4
DA:65,4
DA:66,4
LF:24
LH:24
end_of_record
SF:lib/src/utils/audio_utils.dart
DA:8,2
DA:10,1
DA:13,3
DA:17,1
DA:24,1
DA:31,1
DA:38,1
LF:7
LH:7
end_of_record
