SF:lib/awesome_notifications_method_channel.dart
DA:27,0
DA:29,0
DA:30,0
DA:33,0
DA:35,0
DA:38,0
DA:40,0
DA:43,0
DA:45,0
DA:49,0
DA:51,0
DA:55,0
DA:57,0
DA:58,0
DA:61,0
DA:63,0
DA:67,0
DA:69,0
DA:73,0
DA:83,0
DA:85,0
DA:86,0
DA:91,0
DA:94,0
DA:101,0
DA:103,0
DA:105,0
DA:110,0
DA:115,0
DA:119,0
DA:120,0
DA:121,0
DA:124,0
DA:125,0
DA:126,0
DA:129,0
DA:130,0
DA:131,0
DA:134,0
DA:135,0
DA:136,0
DA:141,0
DA:143,0
DA:146,0
DA:147,0
DA:148,0
DA:149,0
DA:155,0
DA:158,0
DA:162,0
DA:164,0
DA:165,0
DA:168,0
DA:170,0
DA:173,0
DA:175,0
DA:179,0
DA:181,0
DA:185,0
DA:188,0
DA:190,0
DA:193,0
DA:195,0
DA:203,0
DA:206,0
DA:210,0
DA:211,0
DA:215,0
DA:218,0
DA:222,0
DA:224,0
DA:225,0
DA:229,0
DA:232,0
DA:233,0
DA:235,0
DA:236,0
DA:239,0
DA:244,0
DA:247,0
DA:249,0
DA:250,0
DA:254,0
DA:257,0
DA:261,0
DA:269,0
DA:271,0
DA:273,0
DA:274,0
DA:275,0
DA:278,0
DA:280,0
DA:281,0
DA:289,0
DA:291,0
DA:298,0
DA:300,0
DA:305,0
DA:309,0
DA:312,0
DA:313,0
DA:315,0
DA:316,0
DA:321,0
DA:323,0
DA:324,0
DA:328,0
DA:330,0
DA:332,0
DA:334,0
DA:335,0
DA:337,0
DA:340,0
DA:347,0
DA:349,0
DA:354,0
DA:364,0
DA:365,0
DA:367,0
DA:368,0
DA:371,0
DA:372,0
DA:377,0
DA:380,0
DA:382,0
DA:385,0
DA:388,0
DA:389,0
DA:391,0
DA:395,0
DA:397,0
DA:400,0
DA:406,0
DA:407,0
DA:410,0
DA:411,0
DA:412,0
DA:413,0
DA:417,0
DA:422,0
DA:426,0
DA:430,0
DA:434,0
DA:435,0
DA:436,0
DA:437,0
DA:438,0
DA:439,0
DA:443,0
DA:451,0
DA:461,0
DA:463,0
DA:464,0
DA:469,0
DA:472,0
DA:474,0
DA:477,0
DA:479,0
DA:482,0
DA:484,0
DA:488,0
DA:490,0
DA:493,0
DA:495,0
DA:500,0
DA:502,0
DA:507,0
DA:509,0
DA:510,0
DA:511,0
DA:517,0
DA:519,0
DA:521,0
DA:522,0
DA:523,0
DA:524,0
DA:527,0
DA:528,0
DA:529,0
DA:532,0
DA:533,0
DA:534,0
DA:537,0
DA:538,0
DA:539,0
DA:542,0
DA:543,0
DA:544,0
DA:546,0
DA:551,0
DA:555,0
DA:556,0
DA:557,0
DA:562,0
DA:564,0
DA:565,0
DA:567,0
DA:568,0
DA:573,0
DA:575,0
DA:576,0
DA:578,0
DA:579,0
DA:580,0
DA:585,0
LF:205
LH:0
end_of_record
SF:lib/src/utils/list_utils.dart
DA:2,2
DA:3,1
LF:2
LH:2
end_of_record
SF:lib/awesome_notifications.dart
DA:68,0
DA:69,0
DA:70,0
DA:71,0
DA:72,0
DA:75,0
DA:77,0
DA:79,0
DA:81,0
DA:84,0
DA:86,0
DA:89,0
DA:91,0
DA:94,0
DA:96,0
DA:97,0
DA:100,0
DA:102,0
DA:103,0
DA:106,0
DA:108,0
DA:111,0
DA:113,0
DA:114,0
DA:117,0
DA:119,0
DA:120,0
DA:123,0
DA:133,0
DA:134,0
DA:137,0
DA:144,0
DA:151,0
DA:153,0
DA:154,0
DA:157,0
DA:159,0
DA:162,0
DA:164,0
DA:167,0
DA:169,0
DA:172,0
DA:174,0
DA:175,0
DA:178,0
DA:180,0
DA:181,0
DA:184,0
DA:186,0
DA:189,0
DA:191,0
DA:194,0
DA:196,0
DA:199,0
DA:202,0
DA:205,0
DA:207,0
DA:210,0
DA:212,0
DA:215,0
DA:218,0
DA:219,0
DA:222,0
DA:224,0
DA:227,0
DA:229,0
DA:232,1
DA:240,2
DA:245,0
DA:247,0
DA:250,0
DA:252,0
DA:255,0
DA:257,0
DA:260,0
DA:270,0
DA:271,0
DA:277,0
DA:279,0
DA:282,0
DA:285,0
DA:286,0
DA:289,0
DA:291,0
DA:294,0
DA:300,0
DA:308,0
DA:318,0
DA:324,0
DA:326,0
DA:329,0
DA:331,0
DA:334,0
DA:336,0
DA:337,0
DA:340,0
DA:342,0
DA:345,0
DA:347,0
DA:348,0
DA:351,0
DA:353,0
DA:354,0
DA:357,0
DA:359,0
DA:360,0
LF:106
LH:2
end_of_record
SF:lib/src/models/notification_localization.dart
DA:44,1
DA:60,1
DA:62,1
DA:64,1
DA:65,1
DA:66,2
DA:67,1
DA:68,1
DA:69,2
DA:71,2
DA:74,3
DA:75,1
DA:77,2
DA:78,5
DA:89,1
DA:90,1
DA:91,4
DA:92,4
DA:93,4
DA:94,2
DA:95,2
DA:96,4
DA:97,2
DA:98,2
DA:101,1
LF:25
LH:25
end_of_record
SF:lib/src/enumerators/notification_life_cycle.dart
DA:7,0
LF:1
LH:0
end_of_record
SF:lib/src/models/notification_button.dart
DA:29,1
DA:30,1
DA:33,1
DA:34,1
DA:37,1
DA:38,1
DA:41,1
DA:42,1
DA:45,1
DA:46,1
DA:49,1
DA:50,1
DA:53,1
DA:54,1
DA:57,1
DA:58,1
DA:61,1
DA:62,1
DA:65,1
DA:66,1
DA:69,1
DA:91,1
DA:94,1
DA:96,1
DA:97,2
DA:98,2
DA:99,2
DA:101,1
DA:102,1
DA:103,2
DA:105,1
DA:106,1
DA:107,2
DA:109,2
DA:111,2
DA:114,1
DA:115,1
DA:120,1
DA:122,1
DA:124,1
DA:125,1
DA:126,1
DA:129,1
DA:130,1
DA:131,2
DA:135,1
DA:138,1
DA:141,2
DA:142,1
DA:144,1
DA:145,1
DA:149,1
DA:151,1
DA:153,1
DA:154,1
DA:155,1
DA:156,1
DA:157,1
DA:158,1
DA:159,1
DA:160,1
DA:161,1
DA:162,2
DA:163,2
DA:167,1
DA:169,2
DA:172,2
DA:178,2
DA:179,4
LF:69
LH:69
end_of_record
SF:lib/src/models/notification_channel.dart
DA:57,1
DA:82,1
DA:83,2
DA:84,1
DA:85,2
DA:86,1
DA:87,2
DA:88,1
DA:89,2
DA:90,1
DA:92,2
DA:93,1
DA:95,2
DA:96,1
DA:97,2
DA:98,1
DA:99,2
DA:100,1
DA:101,2
DA:102,1
DA:103,2
DA:104,1
DA:105,2
DA:106,1
DA:107,2
DA:108,1
DA:109,2
DA:110,1
DA:111,2
DA:112,1
DA:113,2
DA:114,1
DA:115,2
DA:116,1
DA:117,2
DA:118,1
DA:119,1
DA:120,1
DA:121,1
DA:122,3
DA:123,2
DA:124,1
DA:125,1
DA:126,2
DA:127,2
DA:128,1
DA:129,2
DA:130,1
DA:131,1
DA:132,1
DA:133,1
DA:136,3
DA:137,4
DA:140,1
DA:142,1
DA:143,1
DA:144,1
DA:145,1
DA:146,1
DA:147,1
DA:148,1
DA:149,1
DA:150,1
DA:151,1
DA:152,1
DA:153,1
DA:154,1
DA:155,2
DA:156,1
DA:157,1
DA:158,1
DA:159,2
DA:160,2
DA:161,2
DA:162,2
DA:163,2
DA:164,1
DA:165,1
DA:166,1
DA:170,1
DA:172,2
DA:174,2
DA:176,2
DA:178,2
DA:181,2
DA:184,1
DA:185,1
DA:186,2
DA:189,2
DA:191,2
DA:193,2
DA:196,2
DA:198,2
DA:200,2
DA:205,2
DA:207,2
DA:209,2
DA:212,2
DA:213,1
DA:214,1
DA:215,2
DA:218,2
DA:220,1
DA:221,1
DA:223,1
DA:224,1
DA:225,1
DA:226,1
DA:228,2
DA:234,1
DA:236,2
DA:240,2
DA:244,2
LF:113
LH:113
end_of_record
SF:lib/src/models/notification_channel_group.dart
DA:10,1
DA:11,1
DA:14,1
DA:15,1
DA:18,1
DA:20,1
DA:21,1
DA:24,1
DA:26,2
DA:28,2
DA:34,1
DA:36,1
DA:37,1
DA:38,1
DA:42,1
DA:44,2
DA:48,2
LF:17
LH:17
end_of_record
SF:lib/src/models/notification_content.dart
DA:24,1
DA:25,1
DA:28,1
DA:29,1
DA:32,1
DA:33,1
DA:36,1
DA:37,1
DA:40,1
DA:41,1
DA:44,1
DA:45,1
DA:48,1
DA:49,1
DA:52,1
DA:53,1
DA:56,1
DA:95,1
DA:119,1
DA:121,1
DA:122,2
DA:125,1
DA:126,1
DA:127,2
DA:128,1
DA:129,1
DA:130,1
DA:131,1
DA:133,2
DA:136,2
DA:139,2
DA:143,1
DA:151,1
DA:153,1
DA:156,2
DA:157,1
DA:158,1
DA:159,1
DA:160,1
DA:161,1
DA:162,2
DA:163,1
DA:164,1
DA:169,1
DA:171,3
LF:45
LH:45
end_of_record
SF:lib/src/models/notification_model.dart
DA:25,0
DA:28,0
DA:31,0
DA:34,0
DA:38,0
DA:49,0
DA:52,0
DA:53,0
DA:54,0
DA:55,0
DA:62,0
DA:63,0
DA:66,0
DA:67,0
DA:68,0
DA:70,0
DA:73,0
DA:74,0
DA:75,0
DA:78,0
DA:80,0
DA:81,0
DA:85,0
DA:86,0
DA:88,0
DA:91,0
DA:94,0
DA:95,0
DA:96,0
DA:98,0
DA:99,0
DA:100,0
DA:101,0
DA:102,0
DA:105,0
DA:106,0
DA:107,0
DA:110,0
DA:111,0
DA:112,0
DA:113,0
DA:114,0
DA:119,0
DA:120,0
DA:121,0
DA:122,0
DA:123,0
DA:124,0
DA:125,0
DA:126,0
DA:127,0
DA:129,0
DA:130,0
DA:131,0
DA:132,0
DA:136,0
DA:140,0
LF:57
LH:0
end_of_record
SF:lib/src/models/notification_schedule.dart
DA:12,3
DA:35,3
DA:37,6
DA:38,3
DA:40,6
DA:44,6
DA:48,6
DA:52,6
DA:59,2
DA:61,2
DA:62,2
DA:63,2
DA:64,2
DA:65,2
DA:66,2
DA:72,0
DA:74,0
LF:17
LH:15
end_of_record
SF:lib/src/models/received_models/received_action.dart
DA:18,1
DA:21,1
DA:23,1
DA:25,2
DA:28,2
DA:33,2
DA:35,2
DA:38,2
DA:41,2
DA:48,1
DA:50,1
DA:52,2
DA:54,2
DA:56,2
DA:57,2
DA:58,2
DA:59,1
DA:60,1
LF:18
LH:18
end_of_record
SF:lib/src/models/received_models/received_notification.dart
DA:12,2
DA:14,2
DA:16,4
DA:19,4
DA:22,4
DA:25,4
DA:28,4
DA:37,2
DA:39,2
DA:41,4
DA:42,3
DA:43,3
DA:44,3
DA:46,4
DA:48,4
LF:15
LH:15
end_of_record
SF:lib/src/enumerators/media_source.dart
DA:22,0
DA:26,0
LF:2
LH:0
end_of_record
SF:lib/src/extensions/extension_navigator_state.dart
DA:4,0
DA:5,0
DA:6,0
DA:10,0
DA:12,0
DA:19,0
DA:21,0
DA:22,0
LF:8
LH:0
end_of_record
SF:lib/src/exceptions/awesome_exception.dart
DA:3,216
DA:5,0
DA:7,0
LF:3
LH:1
end_of_record
SF:lib/src/exceptions/isolate_callback_exception.dart
DA:5,0
LF:1
LH:0
end_of_record
SF:lib/src/helpers/bitmap_helper.dart
DA:14,0
DA:16,0
DA:17,0
DA:19,0
DA:22,0
DA:25,0
DA:26,0
DA:33,0
DA:35,0
DA:36,0
DA:37,0
DA:38,0
DA:39,0
DA:43,0
DA:44,0
DA:45,0
DA:47,0
DA:48,0
DA:49,0
DA:52,0
DA:53,0
DA:54,0
DA:55,0
DA:56,0
DA:58,0
DA:61,0
DA:62,0
DA:63,0
DA:64,0
DA:65,0
DA:67,0
DA:70,0
DA:71,0
DA:72,0
DA:73,0
DA:78,0
DA:79,0
DA:81,0
DA:82,0
DA:83,0
DA:84,0
DA:85,0
DA:86,0
DA:87,0
DA:88,0
DA:89,0
DA:90,0
DA:91,0
DA:92,0
DA:93,0
DA:94,0
DA:95,0
DA:96,0
DA:101,0
DA:102,0
DA:104,0
DA:111,0
LF:57
LH:0
end_of_record
SF:lib/src/helpers/cron_helper.dart
DA:18,2
DA:20,1
DA:23,3
DA:29,0
DA:30,0
DA:34,0
DA:35,0
DA:39,1
DA:40,2
DA:44,0
DA:45,0
DA:49,1
DA:50,2
DA:54,0
DA:55,0
DA:59,0
DA:60,0
DA:64,0
DA:65,0
DA:69,0
DA:70,0
DA:74,0
DA:75,0
DA:79,0
DA:80,0
LF:25
LH:7
end_of_record
SF:lib/src/models/notification_calendar.dart
DA:55,1
DA:71,1
DA:76,1
DA:77,1
DA:82,1
DA:87,1
DA:88,1
DA:89,0
DA:94,2
DA:95,2
DA:96,2
DA:97,2
DA:98,2
DA:99,2
DA:102,1
DA:104,2
DA:106,2
DA:108,2
DA:110,2
DA:112,2
DA:114,2
DA:116,2
DA:118,2
DA:120,2
DA:122,2
DA:125,1
DA:128,1
DA:136,0
DA:138,0
DA:139,0
DA:140,0
DA:141,0
DA:142,0
DA:143,0
DA:144,0
DA:145,0
DA:146,0
DA:147,0
DA:148,0
DA:149,0
DA:155,0
DA:157,0
DA:160,1
DA:162,1
DA:163,1
DA:164,1
DA:165,1
DA:166,1
DA:167,1
DA:168,1
DA:169,1
DA:170,1
DA:171,1
DA:176,1
DA:177,0
DA:180,2
DA:181,2
DA:182,2
DA:183,2
DA:184,2
DA:185,2
DA:186,2
DA:187,2
DA:188,2
DA:189,2
LF:65
LH:48
end_of_record
SF:lib/src/models/notification_interval.dart
DA:13,1
DA:19,1
DA:25,1
DA:27,1
DA:29,2
DA:33,1
DA:41,1
DA:43,1
DA:44,3
DA:47,1
DA:49,3
DA:52,1
DA:54,2
DA:59,3
LF:14
LH:14
end_of_record
SF:lib/src/models/notification_android_crontab.dart
DA:11,1
DA:12,1
DA:16,1
DA:17,1
DA:21,0
DA:22,0
DA:26,1
DA:27,1
DA:39,1
DA:49,1
DA:50,1
DA:51,1
DA:52,1
DA:53,1
DA:60,1
DA:64,1
DA:65,1
DA:66,0
DA:70,1
DA:71,3
DA:75,0
DA:77,0
DA:78,0
DA:79,0
DA:83,0
DA:84,0
DA:88,0
DA:90,0
DA:91,0
DA:92,0
DA:96,0
DA:97,0
DA:101,0
DA:103,0
DA:104,0
DA:105,0
DA:109,0
DA:110,0
DA:114,1
DA:116,1
DA:117,1
DA:118,0
DA:122,1
DA:123,2
DA:127,0
DA:129,0
DA:130,0
DA:131,0
DA:135,0
DA:136,0
DA:140,0
DA:142,0
DA:143,0
DA:144,0
DA:148,0
DA:149,0
DA:153,0
DA:155,0
DA:156,0
DA:157,0
DA:161,0
DA:162,0
DA:166,0
DA:168,0
DA:169,0
DA:170,0
DA:174,0
DA:175,0
DA:178,1
DA:180,1
DA:182,2
DA:184,2
DA:186,2
DA:189,2
DA:191,0
DA:192,0
DA:194,0
DA:195,0
DA:197,0
DA:201,1
DA:205,1
DA:207,1
DA:208,2
DA:209,1
DA:211,2
DA:213,2
DA:217,2
DA:218,0
DA:220,0
DA:221,0
DA:223,0
DA:226,0
DA:232,0
DA:234,0
DA:237,1
DA:239,1
LF:96
LH:38
end_of_record
SF:lib/src/models/received_models/push_notification.dart
DA:10,0
DA:14,0
LF:2
LH:0
end_of_record
SF:lib/src/utils/assert_utils.dart
DA:14,8
DA:15,8
DA:18,6
DA:20,6
DA:21,12
DA:22,2
DA:23,2
DA:27,0
DA:28,0
DA:30,0
DA:31,0
DA:32,0
DA:38,7
DA:39,7
DA:40,7
DA:41,2
DA:44,7
DA:45,2
DA:48,7
DA:49,2
DA:53,7
DA:55,7
DA:59,12
DA:60,12
DA:61,12
DA:63,12
DA:66,11
DA:68,3
DA:69,3
DA:70,0
DA:72,3
DA:73,3
DA:74,6
DA:80,10
DA:83,4
DA:84,4
DA:88,4
DA:91,6
DA:92,2
DA:93,4
DA:94,2
DA:95,4
DA:96,5
DA:98,2
DA:99,0
DA:105,4
DA:106,1
DA:109,4
DA:110,6
DA:115,11
DA:116,8
DA:117,7
DA:120,11
DA:121,0
DA:122,0
DA:125,11
DA:126,7
DA:127,7
DA:128,2
DA:129,6
DA:130,0
DA:133,6
DA:134,0
DA:137,6
DA:138,0
DA:143,11
DA:145,6
DA:149,11
DA:154,4
DA:155,4
DA:157,4
DA:158,1
DA:161,1
DA:162,1
DA:168,7
DA:170,7
DA:171,7
DA:173,7
DA:175,7
DA:177,7
DA:183,7
DA:184,7
DA:187,7
DA:189,14
DA:190,21
DA:191,7
DA:196,12
DA:197,24
DA:198,12
DA:202,0
DA:204,0
DA:206,0
DA:207,0
DA:209,0
DA:210,0
DA:211,0
LF:96
LH:77
end_of_record
SF:lib/src/utils/bitmap_utils.dart
DA:9,8
DA:11,4
DA:14,12
DA:18,2
DA:20,4
DA:23,1
DA:25,1
DA:28,1
DA:30,1
LF:9
LH:9
end_of_record
SF:lib/src/utils/date_utils.dart
DA:4,1
DA:6,1
DA:7,2
DA:10,4
DA:13,8
DA:16,1
DA:19,3
DA:20,1
DA:23,1
DA:26,3
DA:27,1
LF:11
LH:11
end_of_record
SF:lib/src/utils/map_utils.dart
DA:5,2
DA:10,6
DA:11,2
LF:3
LH:3
end_of_record
SF:lib/src/utils/resource_image_provider.dart
DA:25,2
DA:32,0
DA:34,0
DA:37,0
DA:41,0
DA:42,0
DA:43,0
DA:47,0
DA:49,0
DA:51,0
DA:53,0
DA:54,0
DA:57,0
DA:58,0
DA:61,1
DA:63,3
DA:64,1
DA:65,3
DA:66,3
DA:69,1
DA:70,4
DA:72,0
DA:74,0
LF:23
LH:8
end_of_record
SF:lib/src/utils/string_utils.dart
DA:2,24
DA:3,8
DA:6,16
DA:8,3
LF:4
LH:4
end_of_record
SF:lib/src/definitions.dart
DA:286,36
DA:287,12
LF:2
LH:2
end_of_record
SF:lib/awesome_notifications_platform_interface.dart
DA:12,6
DA:14,9
DA:16,3
DA:17,0
DA:18,1
DA:19,0
DA:22,1
DA:27,2
DA:32,1
DA:33,2
LF:10
LH:8
end_of_record
SF:lib/awesome_notifications_empty.dart
DA:10,0
DA:13,0
DA:16,0
DA:19,0
DA:22,0
DA:25,0
DA:28,0
DA:31,0
DA:34,0
DA:47,0
DA:57,0
DA:63,0
DA:68,0
DA:71,0
DA:74,0
DA:77,0
DA:80,0
DA:85,0
DA:90,0
DA:96,0
DA:101,0
DA:106,0
DA:112,0
DA:114,0
DA:117,0
DA:122,1
DA:133,0
DA:138,0
DA:140,0
DA:143,0
DA:148,0
DA:161,0
DA:164,0
DA:168,0
DA:171,0
DA:180,0
DA:190,0
DA:193,0
DA:196,0
DA:199,0
DA:202,0
DA:207,0
DA:212,0
DA:217,0
DA:219,0
DA:222,0
LF:46
LH:1
end_of_record
SF:lib/src/isolates/isolate_main.dart
DA:9,0
DA:15,0
DA:22,0
DA:23,0
DA:24,0
DA:25,0
DA:28,0
DA:29,0
DA:33,0
DA:38,0
DA:42,0
DA:45,0
DA:46,0
DA:47,0
DA:52,0
DA:54,0
DA:55,0
DA:61,0
DA:62,0
DA:63,0
DA:64,0
DA:69,0
DA:71,0
DA:76,0
DA:80,0
DA:84,0
DA:85,0
DA:88,0
DA:90,0
DA:91,0
DA:92,0
LF:31
LH:0
end_of_record
SF:lib/src/logs/logger.dart
DA:5,0
DA:7,0
DA:8,0
DA:9,0
DA:10,0
DA:13,0
DA:14,0
DA:15,0
DA:18,0
DA:19,0
DA:20,0
DA:23,0
DA:24,0
DA:27,0
DA:28,0
DA:29,0
LF:16
LH:0
end_of_record
SF:lib/src/models/base_notification_content.dart
DA:51,4
DA:52,4
DA:53,2
DA:54,2
DA:55,2
DA:56,2
DA:57,4
DA:58,2
DA:59,2
DA:60,2
DA:61,2
DA:62,2
DA:63,4
DA:64,4
DA:65,4
DA:66,4
DA:67,2
DA:68,2
DA:69,2
DA:70,2
DA:71,2
DA:72,4
DA:73,4
DA:74,4
DA:76,4
DA:77,4
DA:80,1
DA:83,1
DA:86,1
DA:89,1
DA:92,3
DA:95,3
DA:98,4
DA:99,4
DA:102,3
DA:105,3
DA:108,4
DA:109,4
DA:112,3
DA:115,3
DA:118,4
DA:119,4
DA:122,3
DA:125,3
DA:128,4
DA:129,4
DA:132,3
DA:135,3
DA:138,1
DA:140,1
DA:142,1
DA:144,1
DA:146,4
DA:171,4
DA:172,4
DA:174,4
DA:176,4
DA:178,4
DA:180,4
DA:182,4
DA:184,4
DA:186,4
DA:188,4
DA:190,4
DA:192,4
DA:194,4
DA:196,4
DA:198,4
DA:200,4
DA:202,4
DA:204,4
DA:206,4
DA:207,4
DA:209,4
DA:211,4
DA:213,4
DA:215,4
DA:218,4
DA:220,4
DA:222,8
DA:223,8
DA:225,8
DA:227,8
DA:229,4
DA:230,4
DA:231,8
DA:232,4
DA:233,4
DA:234,4
DA:235,4
DA:236,8
DA:237,8
DA:239,8
DA:241,8
DA:243,8
DA:245,8
DA:247,8
DA:249,4
DA:250,4
DA:251,8
DA:253,8
DA:255,8
DA:257,8
DA:259,8
DA:261,8
DA:263,8
DA:266,13
DA:271,4
DA:273,4
DA:274,1
DA:276,1
DA:277,1
DA:279,8
DA:280,8
DA:282,1
DA:283,3
DA:289,4
DA:291,4
DA:292,4
DA:293,4
DA:294,4
DA:295,4
DA:296,4
DA:297,4
DA:298,4
DA:299,4
DA:300,4
DA:301,4
DA:302,4
DA:303,4
DA:304,4
DA:305,4
DA:306,5
DA:307,8
DA:308,8
DA:309,5
DA:310,4
DA:311,4
DA:312,4
DA:313,4
DA:314,4
DA:315,4
DA:316,5
DA:317,5
DA:318,5
DA:319,4
DA:320,4
DA:324,1
DA:325,2
DA:326,3
DA:329,1
DA:330,2
DA:331,3
DA:334,1
DA:335,2
DA:336,3
DA:339,1
DA:340,2
DA:341,3
DA:344,3
DA:346,3
DA:348,2
DA:350,4
DA:354,4
LF:164
LH:164
end_of_record
SF:lib/src/utils/html_utils.dart
DA:2,2
DA:5,2
DA:7,2
LF:3
LH:3
end_of_record
SF:lib/src/models/model.dart
DA:4,12
DA:12,1
DA:13,2
LF:3
LH:3
end_of_record
SF:lib/src/utils/media_abstract_utils.dart
DA:7,7
DA:9,14
DA:13,14
DA:17,14
DA:21,12
DA:28,4
DA:29,8
DA:30,6
DA:32,8
DA:33,8
DA:35,4
DA:36,4
DA:44,1
DA:46,3
DA:54,5
DA:55,5
DA:56,5
DA:57,5
DA:59,4
DA:60,2
DA:62,4
DA:63,4
DA:65,4
DA:66,4
LF:24
LH:24
end_of_record
SF:lib/src/utils/audio_utils.dart
DA:8,2
DA:10,1
DA:13,3
DA:17,1
DA:24,1
DA:31,1
DA:38,1
LF:7
LH:7
end_of_record
